Watching for file changes with StatReloader
Not Found: /favicon.ico
Watching for file changes with StatReloader
Watching for file changes with StatReloader
Watching for file changes with StatReloader
Watching for file changes with StatReloader
Watching for file changes with StatReloader
/Users/apple/LessonITC/RestFramework4/PyWebFlow/PyWebFlow/settings.py changed, reloading.
Watching for file changes with StatReloader
/Users/apple/LessonITC/RestFramework4/PyWebFlow/PyWebFlow/settings.py changed, reloading.
Watching for file changes with StatReloader
Watching for file changes with StatReloader
Not Found: /media/profile/DALLE_2023-05-25_17.28.41_-_photograph_of_an_astronaut_riding_a_horse.png
Not Found: /media/profile/1649125518_122-vsegda-pomnim-com-p-krasivie-vidi-prirodi-foto-147.jpg
Not Found: /media/profile/DALLE_2023-05-25_17.28.41_-_photograph_of_an_astronaut_riding_a_horse.png
Not Found: /media/profile/1649125518_122-vsegda-pomnim-com-p-krasivie-vidi-prirodi-foto-147.jpg
Not Found: /media/profile/DALLE_2023-05-25_17.28.41_-_photograph_of_an_astronaut_riding_a_horse.png
Not Found: /media/profile/1649125518_122-vsegda-pomnim-com-p-krasivie-vidi-prirodi-foto-147.jpg
Not Found: /media/profile/DALLE_2023-05-25_17.28.41_-_photograph_of_an_astronaut_riding_a_horse.png
Watching for file changes with StatReloader
Not Found: /favicon.ico
Not Found: /media/profile/DALLE_2023-05-25_17.28.41_-_photograph_of_an_astronaut_riding_a_horse.png
Not Found: /media/profile/1649125518_122-vsegda-pomnim-com-p-krasivie-vidi-prirodi-foto-147.jpg
Not Found: /media/profile/1649125518_122-vsegda-pomnim-com-p-krasivie-vidi-prirodi-foto-147.jpg
Not Found: /media/profile/DALLE_2023-05-25_17.28.41_-_photograph_of_an_astronaut_riding_a_horse.png
Watching for file changes with StatReloader
Not Found: /favicon.ico
